/*C186*/SET SCHEMA PUBLIC
DISCONNECT
/*C187*/SET SCHEMA PUBLIC
DISCONNECT
/*C188*/SET SCHEMA PUBLIC
DISCONNECT
/*C189*/SET SCHEMA PUBLIC
DISCONNECT
/*C190*/SET SCHEMA PUBLIC
DISCONNECT
/*C191*/SET SCHEMA PUBLIC
DISCONNECT
/*C192*/SET SCHEMA PUBLIC
DISCONNECT
/*C193*/SET SCHEMA PUBLIC
DISCONNECT
/*C194*/SET SCHEMA PUBLIC
DELETE FROM PISOS WHERE ID=1
COMMIT
DISCONNECT
/*C195*/SET SCHEMA PUBLIC
DISCONNECT
/*C196*/SET SCHEMA PUBLIC
DISCONNECT
/*C197*/SET SCHEMA PUBLIC
DELETE FROM PISOS WHERE ID=2
DELETE FROM PISOS WHERE ID=3
DELETE FROM PISOS WHERE ID=4
DELETE FROM PISOS WHERE ID=315
DELETE FROM PISOS WHERE ID=316
DELETE FROM PISOS WHERE ID=317
DELETE FROM PISOS WHERE ID=318
DELETE FROM PISOS WHERE ID=319
DELETE FROM PISOS WHERE ID=320
DELETE FROM PISOS WHERE ID=321
DELETE FROM PISOS WHERE ID=322
DELETE FROM PISOS WHERE ID=323
DELETE FROM PISOS WHERE ID=324
DELETE FROM PISOS WHERE ID=325
DELETE FROM PISOS WHERE ID=326
DELETE FROM PISOS WHERE ID=327
DELETE FROM PISOS WHERE ID=328
DELETE FROM PISOS WHERE ID=329
DELETE FROM PISOS WHERE ID=330
DELETE FROM PISOS WHERE ID=331
DELETE FROM PISOS WHERE ID=332
DELETE FROM PISOS WHERE ID=333
DELETE FROM PISOS WHERE ID=334
DELETE FROM PISOS WHERE ID=335
DELETE FROM PISOS WHERE ID=336
DELETE FROM PISOS WHERE ID=337
DELETE FROM PISOS WHERE ID=338
DELETE FROM PISOS WHERE ID=339
DELETE FROM PISOS WHERE ID=340
DELETE FROM PISOS WHERE ID=341
DELETE FROM PISOS WHERE ID=342
DELETE FROM PISOS WHERE ID=343
DELETE FROM PISOS WHERE ID=344
DELETE FROM PISOS WHERE ID=345
DELETE FROM PISOS WHERE ID=346
DELETE FROM PISOS WHERE ID=347
COMMIT
DISCONNECT
/*C198*/SET SCHEMA PUBLIC
DELETE FROM AGENTES WHERE ID=3
DELETE FROM AGENTES WHERE ID=4
COMMIT
DISCONNECT
/*C199*/SET SCHEMA PUBLIC
INSERT INTO AGENTES VALUES(3,'agente1@micorreo.com','clave1')
COMMIT
DISCONNECT
/*C200*/SET SCHEMA PUBLIC
INSERT INTO AGENTES VALUES(4,'agente2@micorreo.com','clave2')
COMMIT
DISCONNECT
/*C201*/SET SCHEMA PUBLIC
INSERT INTO PISOS VALUES(1,3,235000.0E0,'CALLE PEDRO DUQUE','VALENCIA',2005,3,'casa1.jpg')
COMMIT
DISCONNECT
/*C202*/SET SCHEMA PUBLIC
INSERT INTO PISOS VALUES(2,3,150000.0E0,'PLAZA REPUBLICA','BARCELONA',2017,5,'casa2.jpg')
COMMIT
DISCONNECT
/*C203*/SET SCHEMA PUBLIC
INSERT INTO PISOS VALUES(3,4,500000.0E0,'AVENIDA DEL PRADO','MADRID',2010,5,'casa3.jpg')
COMMIT
DISCONNECT
/*C204*/SET SCHEMA PUBLIC
INSERT INTO PISOS VALUES(4,4,75000.0E0,'RUTA DE LA APARICION','SEVILLA',2001,2,'casa4.jpg')
COMMIT
DISCONNECT
/*C205*/SET SCHEMA PUBLIC
DISCONNECT
/*C206*/SET SCHEMA PUBLIC
DISCONNECT
/*C207*/SET SCHEMA PUBLIC
DISCONNECT
/*C208*/SET SCHEMA PUBLIC
DISCONNECT
/*C209*/SET SCHEMA PUBLIC
DISCONNECT
/*C210*/SET SCHEMA PUBLIC
DISCONNECT
/*C211*/SET SCHEMA PUBLIC
DISCONNECT
/*C212*/SET SCHEMA PUBLIC
DISCONNECT
/*C213*/SET SCHEMA PUBLIC
DISCONNECT
/*C214*/SET SCHEMA PUBLIC
DISCONNECT
/*C215*/SET SCHEMA PUBLIC
DISCONNECT
/*C216*/SET SCHEMA PUBLIC
DISCONNECT
/*C217*/SET SCHEMA PUBLIC
DISCONNECT
/*C218*/SET SCHEMA PUBLIC
DISCONNECT
/*C219*/SET SCHEMA PUBLIC
DISCONNECT
/*C220*/SET SCHEMA PUBLIC
DISCONNECT
/*C221*/SET SCHEMA PUBLIC
DISCONNECT
/*C222*/SET SCHEMA PUBLIC
DISCONNECT
/*C223*/SET SCHEMA PUBLIC
DISCONNECT
/*C224*/SET SCHEMA PUBLIC
DISCONNECT
/*C225*/SET SCHEMA PUBLIC
DISCONNECT
/*C226*/SET SCHEMA PUBLIC
DISCONNECT
/*C227*/SET SCHEMA PUBLIC
DISCONNECT
/*C228*/SET SCHEMA PUBLIC
DISCONNECT
/*C229*/SET SCHEMA PUBLIC
DISCONNECT
/*C230*/SET SCHEMA PUBLIC
DELETE FROM PISOS WHERE ID=1
COMMIT
DISCONNECT
/*C231*/SET SCHEMA PUBLIC
DISCONNECT
/*C232*/SET SCHEMA PUBLIC
DISCONNECT
/*C233*/SET SCHEMA PUBLIC
DELETE FROM PISOS WHERE ID=2
COMMIT
DISCONNECT
/*C234*/SET SCHEMA PUBLIC
DISCONNECT
/*C235*/SET SCHEMA PUBLIC
DISCONNECT
/*C236*/SET SCHEMA PUBLIC
INSERT INTO PISOS VALUES(348,3,291611.0E0,'Plaza Gabino Diaz Merchan, 1','Oviedo',1998,3,'/album/foto1.jpg')
COMMIT
DISCONNECT
/*C237*/SET SCHEMA PUBLIC
DISCONNECT
/*C238*/SET SCHEMA PUBLIC
INSERT INTO PISOS VALUES(349,3,84270.0E0,'avenida de La Tenderina, 7','Oviedo',1982,2,'/album/foto2.jpg')
COMMIT
DISCONNECT
/*C239*/SET SCHEMA PUBLIC
DISCONNECT
/*C240*/SET SCHEMA PUBLIC
DELETE FROM PISOS WHERE ID=3
INSERT INTO PISOS VALUES(3,3,274185.0E0,'Plaza Primo Rivera, 3','Oviedo',1972,2,'/album/foto3.jpg')
COMMIT
DISCONNECT
/*C241*/SET SCHEMA PUBLIC
DISCONNECT
/*C242*/SET SCHEMA PUBLIC
DELETE FROM PISOS WHERE ID=4
INSERT INTO PISOS VALUES(4,3,106227.0E0,'Santa Susana, 2','Oviedo',1954,4,'/album/foto4.jpg')
COMMIT
DISCONNECT
/*C243*/SET SCHEMA PUBLIC
DISCONNECT
/*C244*/SET SCHEMA PUBLIC
INSERT INTO PISOS VALUES(350,3,53601.0E0,'San Pedro Mestallon, 3','Oviedo',1992,5,'/album/foto5.jpg')
COMMIT
DISCONNECT
/*C245*/SET SCHEMA PUBLIC
DISCONNECT
/*C246*/SET SCHEMA PUBLIC
INSERT INTO PISOS VALUES(351,3,487812.0E0,'Carretera de La Costa, 110','Gijon',2010,5,'/album/foto6.jpg')
COMMIT
DISCONNECT
/*C247*/SET SCHEMA PUBLIC
DISCONNECT
/*C248*/SET SCHEMA PUBLIC
INSERT INTO PISOS VALUES(352,3,261888.0E0,'avenida Schultz, 95','Gijon',1978,4,'/album/foto7.jpg')
COMMIT
DISCONNECT
/*C249*/SET SCHEMA PUBLIC
DISCONNECT
/*C250*/SET SCHEMA PUBLIC
INSERT INTO PISOS VALUES(353,3,327489.0E0,'avenida del Llano, 30','Gijon',1999,3,'/album/foto8.jpg')
COMMIT
DISCONNECT
/*C251*/SET SCHEMA PUBLIC
DISCONNECT
/*C252*/SET SCHEMA PUBLIC
INSERT INTO PISOS VALUES(354,3,67689.0E0,'Plaza del Carmen, 2','Gijon',2005,3,'/album/foto9.jpg')
COMMIT
DISCONNECT
/*C253*/SET SCHEMA PUBLIC
DISCONNECT
/*C254*/SET SCHEMA PUBLIC
INSERT INTO PISOS VALUES(355,3,352115.0E0,'Corrida, 5','Gijon',1977,2,'/album/foto10.jpg')
COMMIT
DISCONNECT
/*C255*/SET SCHEMA PUBLIC
DISCONNECT
/*C256*/SET SCHEMA PUBLIC
INSERT INTO PISOS VALUES(356,3,372214.0E0,'Corrida, 5 Entreplanta','Gijon',1954,2,'/album/foto11.jpg')
COMMIT
DISCONNECT
/*C257*/SET SCHEMA PUBLIC
DISCONNECT
/*C258*/SET SCHEMA PUBLIC
INSERT INTO PISOS VALUES(357,3,390715.0E0,'Plaza del Carmen, 2','Gijon',2006,3,'/album/foto12.jpg')
COMMIT
DISCONNECT
/*C259*/SET SCHEMA PUBLIC
DISCONNECT
/*C260*/SET SCHEMA PUBLIC
INSERT INTO PISOS VALUES(358,3,263032.0E0,'Uria, 34','Gijon',1983,5,'/album/foto13.jpg')
COMMIT
DISCONNECT
/*C261*/SET SCHEMA PUBLIC
DISCONNECT
/*C262*/SET SCHEMA PUBLIC
INSERT INTO PISOS VALUES(359,3,449565.0E0,'avenida constitucion, 64','Gijon',1959,3,'/album/foto14.jpg')
COMMIT
DISCONNECT
/*C263*/SET SCHEMA PUBLIC
DISCONNECT
/*C264*/SET SCHEMA PUBLIC
INSERT INTO PISOS VALUES(360,3,67452.0E0,'Camara, 33','aviles',1976,1,'/album/foto15.jpg')
COMMIT
DISCONNECT
/*C265*/SET SCHEMA PUBLIC
DISCONNECT
/*C266*/SET SCHEMA PUBLIC
INSERT INTO PISOS VALUES(361,3,448391.0E0,'Francisco Legorburu, 6','aviles',2016,1,'/album/foto16.jpg')
COMMIT
DISCONNECT
/*C267*/SET SCHEMA PUBLIC
DISCONNECT
/*C268*/SET SCHEMA PUBLIC
INSERT INTO PISOS VALUES(362,3,253116.0E0,'Leon Y Escosura, 3','Oviedo',1972,1,'/album/foto17.jpg')
COMMIT
DISCONNECT
/*C269*/SET SCHEMA PUBLIC
DISCONNECT
/*C270*/SET SCHEMA PUBLIC
INSERT INTO PISOS VALUES(363,3,54482.0E0,'Plaza de Cuatro Ca\u00f1os, 8 Bajo','Oviedo',1952,4,'/album/foto18.jpg')
COMMIT
DISCONNECT
/*C271*/SET SCHEMA PUBLIC
DISCONNECT
/*C272*/SET SCHEMA PUBLIC
INSERT INTO PISOS VALUES(364,3,184286.0E0,'Mendizabal, 1','Oviedo',1991,1,'/album/foto19.jpg')
COMMIT
DISCONNECT
/*C273*/SET SCHEMA PUBLIC
DISCONNECT
/*C274*/SET SCHEMA PUBLIC
INSERT INTO PISOS VALUES(365,3,489822.0E0,'Bermudez de Castro, 6','Oviedo',1974,5,'/album/foto20.jpg')
COMMIT
DISCONNECT
/*C275*/SET SCHEMA PUBLIC
DISCONNECT
/*C276*/SET SCHEMA PUBLIC
INSERT INTO PISOS VALUES(366,3,444621.0E0,'Mendizabal, 1','Oviedo',1982,5,'/album/foto21.jpg')
COMMIT
DISCONNECT
/*C277*/SET SCHEMA PUBLIC
DISCONNECT
/*C278*/SET SCHEMA PUBLIC
INSERT INTO PISOS VALUES(367,3,404299.0E0,'Reyes Catolicos, 5','Oviedo',1971,2,'/album/foto22.jpg')
COMMIT
DISCONNECT
/*C279*/SET SCHEMA PUBLIC
DISCONNECT
/*C280*/SET SCHEMA PUBLIC
INSERT INTO PISOS VALUES(368,3,378058.0E0,'Covadonga, 6','Oviedo',1987,3,'/album/foto23.jpg')
COMMIT
DISCONNECT
/*C281*/SET SCHEMA PUBLIC
DISCONNECT
/*C282*/SET SCHEMA PUBLIC
INSERT INTO PISOS VALUES(369,3,209452.0E0,'avenida Santander, 12','Oviedo',1962,5,'/album/foto24.jpg')
COMMIT
DISCONNECT
/*C283*/SET SCHEMA PUBLIC
DISCONNECT
/*C284*/SET SCHEMA PUBLIC
INSERT INTO PISOS VALUES(370,3,351752.0E0,'Marques de Pidal, 9','Oviedo',1969,4,'/album/foto25.jpg')
COMMIT
DISCONNECT
/*C285*/SET SCHEMA PUBLIC
DISCONNECT
/*C286*/SET SCHEMA PUBLIC
INSERT INTO PISOS VALUES(371,3,446278.0E0,'avenida Galicia, 5','Oviedo',1974,3,'/album/foto26.jpg')
COMMIT
DISCONNECT
/*C287*/SET SCHEMA PUBLIC
DISCONNECT
/*C288*/SET SCHEMA PUBLIC
INSERT INTO PISOS VALUES(372,3,260795.0E0,'Plaza 6 de agosto, 6','Gijon',1981,2,'/album/foto27.jpg')
COMMIT
DISCONNECT
/*C289*/SET SCHEMA PUBLIC
DISCONNECT
/*C290*/SET SCHEMA PUBLIC
INSERT INTO PISOS VALUES(373,3,492852.0E0,'avenida argentina, 72','Gijon',2011,2,'/album/foto28.jpg')
COMMIT
DISCONNECT
/*C291*/SET SCHEMA PUBLIC
DISCONNECT
/*C292*/SET SCHEMA PUBLIC
INSERT INTO PISOS VALUES(374,3,217095.0E0,'avenida Castilla, 6','Gijon',1980,4,'/album/foto29.jpg')
COMMIT
DISCONNECT
/*C293*/SET SCHEMA PUBLIC
DISCONNECT
/*C294*/SET SCHEMA PUBLIC
INSERT INTO PISOS VALUES(375,3,83368.0E0,'San Bernardo, 45','Gijon',1977,4,'/album/foto30.jpg')
COMMIT
DISCONNECT
/*C295*/SET SCHEMA PUBLIC
DISCONNECT
/*C296*/SET SCHEMA PUBLIC
INSERT INTO PISOS VALUES(376,3,213751.0E0,'ana Maria, 1','Gijon',2002,3,'/album/foto31.jpg')
COMMIT
DISCONNECT
/*C297*/SET SCHEMA PUBLIC
DISCONNECT
/*C298*/SET SCHEMA PUBLIC
INSERT INTO PISOS VALUES(377,3,474625.0E0,'avenida Pablo Iglesias, 51','Gijon',1966,4,'/album/foto32.jpg')
COMMIT
DISCONNECT
/*C299*/SET SCHEMA PUBLIC
DISCONNECT
/*C300*/SET SCHEMA PUBLIC
INSERT INTO PISOS VALUES(378,3,289902.0E0,'aguado, 31','Gijon',1958,2,'/album/foto33.jpg')
COMMIT
DISCONNECT
/*C301*/SET SCHEMA PUBLIC
DISCONNECT
/*C302*/SET SCHEMA PUBLIC
INSERT INTO PISOS VALUES(379,3,471800.0E0,'aragon, 25','Gijon',2001,4,'/album/foto34.jpg')
COMMIT
DISCONNECT
/*C303*/SET SCHEMA PUBLIC
DISCONNECT
/*C304*/SET SCHEMA PUBLIC
INSERT INTO PISOS VALUES(380,3,404982.0E0,'Infiesto, 2 Esq.magnus Blikstad','Gijon',2013,4,'/album/foto35.jpg')
COMMIT
DISCONNECT
/*C305*/SET SCHEMA PUBLIC
DISCONNECT
/*C306*/SET SCHEMA PUBLIC
INSERT INTO PISOS VALUES(381,3,144770.0E0,'avenida de Galicia, 83','Gijon',1968,3,'/album/foto36.jpg')
COMMIT
DISCONNECT
/*C307*/SET SCHEMA PUBLIC
DISCONNECT
/*C308*/SET SCHEMA PUBLIC
INSERT INTO PISOS VALUES(382,3,422136.0E0,'alava, 11','Gijon',1956,3,'/album/foto37.jpg')
COMMIT
DISCONNECT
/*C309*/SET SCHEMA PUBLIC
DISCONNECT
/*C310*/SET SCHEMA PUBLIC
DELETE FROM PISOS WHERE ID=3
DELETE FROM PISOS WHERE ID=4
DELETE FROM PISOS WHERE ID=348
DELETE FROM PISOS WHERE ID=349
DELETE FROM PISOS WHERE ID=350
DELETE FROM PISOS WHERE ID=351
DELETE FROM PISOS WHERE ID=352
DELETE FROM PISOS WHERE ID=353
DELETE FROM PISOS WHERE ID=354
DELETE FROM PISOS WHERE ID=355
DELETE FROM PISOS WHERE ID=356
DELETE FROM PISOS WHERE ID=357
DELETE FROM PISOS WHERE ID=358
DELETE FROM PISOS WHERE ID=359
DELETE FROM PISOS WHERE ID=360
DELETE FROM PISOS WHERE ID=361
DELETE FROM PISOS WHERE ID=362
DELETE FROM PISOS WHERE ID=363
DELETE FROM PISOS WHERE ID=364
DELETE FROM PISOS WHERE ID=365
DELETE FROM PISOS WHERE ID=366
DELETE FROM PISOS WHERE ID=367
DELETE FROM PISOS WHERE ID=368
DELETE FROM PISOS WHERE ID=369
DELETE FROM PISOS WHERE ID=370
DELETE FROM PISOS WHERE ID=371
DELETE FROM PISOS WHERE ID=372
DELETE FROM PISOS WHERE ID=373
DELETE FROM PISOS WHERE ID=374
DELETE FROM PISOS WHERE ID=375
DELETE FROM PISOS WHERE ID=376
DELETE FROM PISOS WHERE ID=377
DELETE FROM PISOS WHERE ID=378
DELETE FROM PISOS WHERE ID=379
DELETE FROM PISOS WHERE ID=380
DELETE FROM PISOS WHERE ID=381
DELETE FROM PISOS WHERE ID=382
COMMIT
DISCONNECT
/*C311*/SET SCHEMA PUBLIC
DELETE FROM AGENTES WHERE ID=3
DELETE FROM AGENTES WHERE ID=4
COMMIT
DISCONNECT
/*C312*/SET SCHEMA PUBLIC
INSERT INTO AGENTES VALUES(3,'agente1@micorreo.com','clave1')
COMMIT
DISCONNECT
/*C313*/SET SCHEMA PUBLIC
INSERT INTO AGENTES VALUES(4,'agente2@micorreo.com','clave2')
COMMIT
DISCONNECT
/*C314*/SET SCHEMA PUBLIC
INSERT INTO PISOS VALUES(1,3,235000.0E0,'CALLE PEDRO DUQUE','VALENCIA',2005,3,'casa1.jpg')
COMMIT
DISCONNECT
/*C315*/SET SCHEMA PUBLIC
INSERT INTO PISOS VALUES(2,3,150000.0E0,'PLAZA REPUBLICA','BARCELONA',2017,5,'casa2.jpg')
COMMIT
DISCONNECT
/*C316*/SET SCHEMA PUBLIC
INSERT INTO PISOS VALUES(3,4,500000.0E0,'AVENIDA DEL PRADO','MADRID',2010,5,'casa3.jpg')
COMMIT
DISCONNECT
/*C317*/SET SCHEMA PUBLIC
INSERT INTO PISOS VALUES(4,4,75000.0E0,'RUTA DE LA APARICION','SEVILLA',2001,2,'casa4.jpg')
COMMIT
DISCONNECT
/*C318*/SET SCHEMA PUBLIC
DISCONNECT
/*C319*/SET SCHEMA PUBLIC
DISCONNECT
/*C320*/SET SCHEMA PUBLIC
DISCONNECT
/*C321*/SET SCHEMA PUBLIC
DISCONNECT
/*C322*/SET SCHEMA PUBLIC
DISCONNECT
/*C323*/SET SCHEMA PUBLIC
DISCONNECT
/*C324*/SET SCHEMA PUBLIC
DISCONNECT
/*C325*/SET SCHEMA PUBLIC
DISCONNECT
/*C326*/SET SCHEMA PUBLIC
DISCONNECT
/*C327*/SET SCHEMA PUBLIC
DISCONNECT
/*C328*/SET SCHEMA PUBLIC
DELETE FROM PISOS WHERE ID=1
DELETE FROM PISOS WHERE ID=2
DELETE FROM PISOS WHERE ID=3
DELETE FROM PISOS WHERE ID=4
COMMIT
DISCONNECT
/*C329*/SET SCHEMA PUBLIC
DELETE FROM AGENTES WHERE ID=3
DELETE FROM AGENTES WHERE ID=4
COMMIT
DISCONNECT
/*C330*/SET SCHEMA PUBLIC
INSERT INTO AGENTES VALUES(3,'agente1@micorreo.com','clave1')
COMMIT
DISCONNECT
/*C331*/SET SCHEMA PUBLIC
INSERT INTO AGENTES VALUES(4,'agente2@micorreo.com','clave2')
COMMIT
DISCONNECT
/*C332*/SET SCHEMA PUBLIC
DISCONNECT
/*C333*/SET SCHEMA PUBLIC
DISCONNECT
/*C334*/SET SCHEMA PUBLIC
INSERT INTO PISOS VALUES(383,3,291611.0E0,'Plaza Gabino Diaz Merchan, 1','Oviedo',1998,3,'/album/foto1.jpg')
COMMIT
DISCONNECT
/*C335*/SET SCHEMA PUBLIC
DISCONNECT
/*C336*/SET SCHEMA PUBLIC
INSERT INTO PISOS VALUES(384,3,84270.0E0,'avenida de La Tenderina, 7','Oviedo',1982,2,'/album/foto2.jpg')
COMMIT
DISCONNECT
/*C337*/SET SCHEMA PUBLIC
DISCONNECT
/*C338*/SET SCHEMA PUBLIC
INSERT INTO PISOS VALUES(385,3,274185.0E0,'Plaza Primo Rivera, 3','Oviedo',1972,2,'/album/foto3.jpg')
COMMIT
DISCONNECT
/*C339*/SET SCHEMA PUBLIC
DISCONNECT
/*C340*/SET SCHEMA PUBLIC
INSERT INTO PISOS VALUES(386,3,106227.0E0,'Santa Susana, 2','Oviedo',1954,4,'/album/foto4.jpg')
COMMIT
DISCONNECT
/*C341*/SET SCHEMA PUBLIC
DISCONNECT
/*C342*/SET SCHEMA PUBLIC
INSERT INTO PISOS VALUES(387,3,53601.0E0,'San Pedro Mestallon, 3','Oviedo',1992,5,'/album/foto5.jpg')
COMMIT
DISCONNECT
/*C343*/SET SCHEMA PUBLIC
DISCONNECT
/*C344*/SET SCHEMA PUBLIC
INSERT INTO PISOS VALUES(388,3,487812.0E0,'Carretera de La Costa, 110','Gijon',2010,5,'/album/foto6.jpg')
COMMIT
DISCONNECT
/*C345*/SET SCHEMA PUBLIC
DISCONNECT
/*C346*/SET SCHEMA PUBLIC
INSERT INTO PISOS VALUES(389,3,261888.0E0,'avenida Schultz, 95','Gijon',1978,4,'/album/foto7.jpg')
COMMIT
DISCONNECT
/*C347*/SET SCHEMA PUBLIC
DISCONNECT
/*C348*/SET SCHEMA PUBLIC
INSERT INTO PISOS VALUES(390,3,327489.0E0,'avenida del Llano, 30','Gijon',1999,3,'/album/foto8.jpg')
COMMIT
DISCONNECT
/*C349*/SET SCHEMA PUBLIC
DISCONNECT
/*C350*/SET SCHEMA PUBLIC
INSERT INTO PISOS VALUES(391,3,67689.0E0,'Plaza del Carmen, 2','Gijon',2005,3,'/album/foto9.jpg')
COMMIT
DISCONNECT
/*C351*/SET SCHEMA PUBLIC
DISCONNECT
/*C352*/SET SCHEMA PUBLIC
INSERT INTO PISOS VALUES(392,3,352115.0E0,'Corrida, 5','Gijon',1977,2,'/album/foto10.jpg')
COMMIT
DISCONNECT
/*C353*/SET SCHEMA PUBLIC
DISCONNECT
/*C354*/SET SCHEMA PUBLIC
INSERT INTO PISOS VALUES(393,3,372214.0E0,'Corrida, 5 Entreplanta','Gijon',1954,2,'/album/foto11.jpg')
COMMIT
DISCONNECT
/*C355*/SET SCHEMA PUBLIC
DISCONNECT
/*C356*/SET SCHEMA PUBLIC
INSERT INTO PISOS VALUES(394,3,390715.0E0,'Plaza del Carmen, 2','Gijon',2006,3,'/album/foto12.jpg')
COMMIT
DISCONNECT
/*C357*/SET SCHEMA PUBLIC
DISCONNECT
/*C358*/SET SCHEMA PUBLIC
INSERT INTO PISOS VALUES(395,3,263032.0E0,'Uria, 34','Gijon',1983,5,'/album/foto13.jpg')
COMMIT
DISCONNECT
/*C359*/SET SCHEMA PUBLIC
DISCONNECT
/*C360*/SET SCHEMA PUBLIC
INSERT INTO PISOS VALUES(396,3,449565.0E0,'avenida constitucion, 64','Gijon',1959,3,'/album/foto14.jpg')
COMMIT
DISCONNECT
/*C361*/SET SCHEMA PUBLIC
DISCONNECT
/*C362*/SET SCHEMA PUBLIC
INSERT INTO PISOS VALUES(397,3,67452.0E0,'Camara, 33','aviles',1976,1,'/album/foto15.jpg')
COMMIT
DISCONNECT
/*C363*/SET SCHEMA PUBLIC
DISCONNECT
/*C364*/SET SCHEMA PUBLIC
INSERT INTO PISOS VALUES(398,3,448391.0E0,'Francisco Legorburu, 6','aviles',2016,1,'/album/foto16.jpg')
COMMIT
DISCONNECT
/*C365*/SET SCHEMA PUBLIC
DISCONNECT
/*C366*/SET SCHEMA PUBLIC
INSERT INTO PISOS VALUES(399,3,253116.0E0,'Leon Y Escosura, 3','Oviedo',1972,1,'/album/foto17.jpg')
COMMIT
DISCONNECT
/*C367*/SET SCHEMA PUBLIC
DISCONNECT
/*C368*/SET SCHEMA PUBLIC
INSERT INTO PISOS VALUES(400,3,54482.0E0,'Plaza de Cuatro Ca\u00f1os, 8 Bajo','Oviedo',1952,4,'/album/foto18.jpg')
COMMIT
DISCONNECT
/*C369*/SET SCHEMA PUBLIC
DISCONNECT
/*C370*/SET SCHEMA PUBLIC
INSERT INTO PISOS VALUES(401,3,184286.0E0,'Mendizabal, 1','Oviedo',1991,1,'/album/foto19.jpg')
COMMIT
DISCONNECT
/*C371*/SET SCHEMA PUBLIC
DISCONNECT
/*C372*/SET SCHEMA PUBLIC
INSERT INTO PISOS VALUES(402,3,489822.0E0,'Bermudez de Castro, 6','Oviedo',1974,5,'/album/foto20.jpg')
COMMIT
DISCONNECT
/*C373*/SET SCHEMA PUBLIC
DISCONNECT
/*C374*/SET SCHEMA PUBLIC
INSERT INTO PISOS VALUES(403,3,444621.0E0,'Mendizabal, 1','Oviedo',1982,5,'/album/foto21.jpg')
COMMIT
DISCONNECT
/*C375*/SET SCHEMA PUBLIC
DISCONNECT
/*C376*/SET SCHEMA PUBLIC
INSERT INTO PISOS VALUES(404,3,404299.0E0,'Reyes Catolicos, 5','Oviedo',1971,2,'/album/foto22.jpg')
COMMIT
DISCONNECT
/*C377*/SET SCHEMA PUBLIC
DISCONNECT
/*C378*/SET SCHEMA PUBLIC
INSERT INTO PISOS VALUES(405,3,378058.0E0,'Covadonga, 6','Oviedo',1987,3,'/album/foto23.jpg')
COMMIT
DISCONNECT
/*C379*/SET SCHEMA PUBLIC
DISCONNECT
/*C380*/SET SCHEMA PUBLIC
INSERT INTO PISOS VALUES(406,3,209452.0E0,'avenida Santander, 12','Oviedo',1962,5,'/album/foto24.jpg')
COMMIT
DISCONNECT
/*C381*/SET SCHEMA PUBLIC
DISCONNECT
/*C382*/SET SCHEMA PUBLIC
INSERT INTO PISOS VALUES(407,3,351752.0E0,'Marques de Pidal, 9','Oviedo',1969,4,'/album/foto25.jpg')
COMMIT
DISCONNECT
/*C383*/SET SCHEMA PUBLIC
DISCONNECT
/*C384*/SET SCHEMA PUBLIC
INSERT INTO PISOS VALUES(408,3,446278.0E0,'avenida Galicia, 5','Oviedo',1974,3,'/album/foto26.jpg')
COMMIT
DISCONNECT
/*C385*/SET SCHEMA PUBLIC
DISCONNECT
/*C386*/SET SCHEMA PUBLIC
INSERT INTO PISOS VALUES(409,3,260795.0E0,'Plaza 6 de agosto, 6','Gijon',1981,2,'/album/foto27.jpg')
COMMIT
DISCONNECT
/*C387*/SET SCHEMA PUBLIC
DISCONNECT
/*C388*/SET SCHEMA PUBLIC
INSERT INTO PISOS VALUES(410,3,492852.0E0,'avenida argentina, 72','Gijon',2011,2,'/album/foto28.jpg')
COMMIT
DISCONNECT
/*C389*/SET SCHEMA PUBLIC
DISCONNECT
/*C390*/SET SCHEMA PUBLIC
INSERT INTO PISOS VALUES(411,3,217095.0E0,'avenida Castilla, 6','Gijon',1980,4,'/album/foto29.jpg')
COMMIT
DISCONNECT
/*C391*/SET SCHEMA PUBLIC
DISCONNECT
/*C392*/SET SCHEMA PUBLIC
INSERT INTO PISOS VALUES(412,3,83368.0E0,'San Bernardo, 45','Gijon',1977,4,'/album/foto30.jpg')
COMMIT
DISCONNECT
/*C393*/SET SCHEMA PUBLIC
DISCONNECT
/*C394*/SET SCHEMA PUBLIC
INSERT INTO PISOS VALUES(413,3,213751.0E0,'ana Maria, 1','Gijon',2002,3,'/album/foto31.jpg')
COMMIT
DISCONNECT
/*C395*/SET SCHEMA PUBLIC
DISCONNECT
/*C396*/SET SCHEMA PUBLIC
INSERT INTO PISOS VALUES(414,3,474625.0E0,'avenida Pablo Iglesias, 51','Gijon',1966,4,'/album/foto32.jpg')
COMMIT
DISCONNECT
/*C397*/SET SCHEMA PUBLIC
DISCONNECT
/*C398*/SET SCHEMA PUBLIC
INSERT INTO PISOS VALUES(415,3,289902.0E0,'aguado, 31','Gijon',1958,2,'/album/foto33.jpg')
COMMIT
DISCONNECT
/*C399*/SET SCHEMA PUBLIC
DISCONNECT
/*C400*/SET SCHEMA PUBLIC
INSERT INTO PISOS VALUES(416,3,471800.0E0,'aragon, 25','Gijon',2001,4,'/album/foto34.jpg')
COMMIT
DISCONNECT
/*C401*/SET SCHEMA PUBLIC
DISCONNECT
/*C402*/SET SCHEMA PUBLIC
INSERT INTO PISOS VALUES(417,3,404982.0E0,'Infiesto, 2 Esq.magnus Blikstad','Gijon',2013,4,'/album/foto35.jpg')
COMMIT
DISCONNECT
/*C403*/SET SCHEMA PUBLIC
DISCONNECT
/*C404*/SET SCHEMA PUBLIC
INSERT INTO PISOS VALUES(418,3,144770.0E0,'avenida de Galicia, 83','Gijon',1968,3,'/album/foto36.jpg')
COMMIT
DISCONNECT
/*C405*/SET SCHEMA PUBLIC
DISCONNECT
/*C406*/SET SCHEMA PUBLIC
INSERT INTO PISOS VALUES(419,3,422136.0E0,'alava, 11','Gijon',1956,3,'/album/foto37.jpg')
COMMIT
DISCONNECT
/*C407*/SET SCHEMA PUBLIC
DISCONNECT
/*C408*/SET SCHEMA PUBLIC
DISCONNECT
/*C409*/SET SCHEMA PUBLIC
DISCONNECT
/*C410*/SET SCHEMA PUBLIC
DISCONNECT
/*C411*/SET SCHEMA PUBLIC
DISCONNECT
/*C412*/SET SCHEMA PUBLIC
DELETE FROM PISOS WHERE ID=383
INSERT INTO PISOS VALUES(383,3,29161.0E0,'Plaza Gabino Diaz Merchan, 1','Oviedo',1998,3,'/album/foto1.jpg')
COMMIT
DISCONNECT
/*C413*/SET SCHEMA PUBLIC
DISCONNECT
/*C414*/SET SCHEMA PUBLIC
DISCONNECT
/*C415*/SET SCHEMA PUBLIC
DISCONNECT
/*C416*/SET SCHEMA PUBLIC
DISCONNECT
/*C417*/SET SCHEMA PUBLIC
DISCONNECT
/*C418*/SET SCHEMA PUBLIC
INSERT INTO PISOS VALUES(420,3,40.0E0,'avenida de La Tenderina, 7','Oviedo',1988,1,'/album/foto1.jpg')
COMMIT
DISCONNECT
/*C419*/SET SCHEMA PUBLIC
DISCONNECT
/*C420*/SET SCHEMA PUBLIC
DISCONNECT
/*C421*/SET SCHEMA PUBLIC
DISCONNECT
/*C422*/SET SCHEMA PUBLIC
DISCONNECT
/*C423*/SET SCHEMA PUBLIC
DISCONNECT
/*C424*/SET SCHEMA PUBLIC
DISCONNECT
/*C425*/SET SCHEMA PUBLIC
DISCONNECT
/*C426*/SET SCHEMA PUBLIC
DISCONNECT
/*C427*/SET SCHEMA PUBLIC
DISCONNECT
/*C428*/SET SCHEMA PUBLIC
DISCONNECT
/*C429*/SET SCHEMA PUBLIC
DISCONNECT
/*C430*/SET SCHEMA PUBLIC
DISCONNECT
/*C431*/SET SCHEMA PUBLIC
DISCONNECT
/*C432*/SET SCHEMA PUBLIC
DISCONNECT
/*C433*/SET SCHEMA PUBLIC
DISCONNECT
/*C434*/SET SCHEMA PUBLIC
DISCONNECT
/*C435*/SET SCHEMA PUBLIC
DISCONNECT
/*C436*/SET SCHEMA PUBLIC
DISCONNECT
/*C185*/SET SCHEMA PUBLIC
DISCONNECT
