/*C2*/SET SCHEMA PUBLIC
DROP TABLE pisosparavisitar
DROP TABLE pisos
DROP TABLE agentes
DROP TABLE clientes
CREATE MEMORY TABLE PUBLIC.AGENTES(IDAGENTE INTEGER GENERATED BY DEFAULT AS IDENTITY(START WITH 0) NOT NULL PRIMARY KEY,LOGIN VARCHAR(200) NOT NULL,PASSWD VARCHAR(200) NOT NULL)\u000a
CREATE MEMORY TABLE PUBLIC.PISOS(IDPISO INTEGER GENERATED BY DEFAULT AS IDENTITY(START WITH 0) NOT NULL PRIMARY KEY,IDAGENTE INTEGER NOT NULL,PRECIO INTEGER NOT NULL,DIRECCION VARCHAR(200) NOT NULL,CIUDAD VARCHAR(200) NOT NULL,ANO INTEGER,ESTADO INTEGER NOT NULL,FOTO VARCHAR(200),FOREIGN KEY(IDAGENTE) REFERENCES PUBLIC.AGENTES(IDAGENTE))
INSERT INTO AGENTES VALUES(0,'Alfredo@agentes.com','Alfredo')
COMMIT
INSERT INTO AGENTES VALUES(1,'Amanda@agentes.com','Amanda')
COMMIT
INSERT INTO PISOS VALUES(0,0,200000,'Calle del Paraiso','Oviedo',1989,4,'foto3.jpg')
COMMIT
INSERT INTO PISOS VALUES(1,0,3000,'Calle de Arriba','Oviedo',1989,2,'foto4.jpg')
COMMIT
INSERT INTO PISOS VALUES(2,0,2230,'Calle de Abajo','Oviedo',1989,5,'foto5.jpg')
COMMIT
INSERT INTO PISOS VALUES(3,0,5000,'Calle del Cuba','Aviles',1989,2,'foto6.jpg')
COMMIT
INSERT INTO PISOS VALUES(4,0,23000,'Calle del Puerto Rico','Aviles',1989,1,'foto7.jpg')
COMMIT
INSERT INTO PISOS VALUES(5,0,23466,'Calle del Colombia','Oviedo',1989,2,'foto8.jpg')
COMMIT
INSERT INTO PISOS VALUES(6,0,23459,'Calle del Amsterdam','Aviles',1989,2,'foto9.jpg')
COMMIT
INSERT INTO PISOS VALUES(7,0,8676,'Calle del Chile','Oviedo',1989,3,'foto10.jpg')
COMMIT
INSERT INTO PISOS VALUES(8,0,134666,'Calle del Congo','Oviedo',1989,4,'foto11.jpg')
COMMIT
INSERT INTO PISOS VALUES(9,0,236789,'Calle del Peru','Gijon',1989,2,'foto12.jpg')
COMMIT
INSERT INTO PISOS VALUES(10,1,345000,'Calle del EEUU','Oviedo',1989,1,'foto13.jpg')
COMMIT
INSERT INTO PISOS VALUES(11,1,78900,'Calle del Canada','Oviedo',1989,0,'foto14.jpg')
COMMIT
INSERT INTO PISOS VALUES(12,1,300000,'Calle del Tahiti','Gijon',1989,3,'foto15.jpg')
COMMIT
INSERT INTO PISOS VALUES(13,1,812000,'Calle del Venezuela','Oviedo',1989,5,'foto16.jpg')
COMMIT
INSERT INTO PISOS VALUES(14,1,86312,'Calle del Argentina','Oviedo',1989,1,'foto17.jpg')
COMMIT
INSERT INTO PISOS VALUES(15,1,75100,'Calle del Uruguay','Grado',1989,1,'foto18.jpg')
COMMIT
INSERT INTO PISOS VALUES(16,1,545000,'Calle del Paraguay','Oviedo',1989,3,'foto19.jpg')
COMMIT
INSERT INTO PISOS VALUES(17,1,200000,'Calle del Republica Dominica','Aviles',1989,4,'foto20.jpg')
COMMIT
INSERT INTO PISOS VALUES(18,1,412300,'Calle del Mexico','Gijon',1989,1,'foto21.jpg')
COMMIT
INSERT INTO PISOS VALUES(19,1,876210,'Calle del Paraiso','Oviedo',1989,4,'foto22.jpg')
COMMIT
DISCONNECT
