/*C357*/SET SCHEMA PUBLIC
DISCONNECT
/*C358*/SET SCHEMA PUBLIC
DISCONNECT
/*C359*/SET SCHEMA PUBLIC
DISCONNECT
/*C360*/SET SCHEMA PUBLIC
DISCONNECT
/*C361*/SET SCHEMA PUBLIC
DISCONNECT
/*C362*/SET SCHEMA PUBLIC
DISCONNECT
/*C363*/SET SCHEMA PUBLIC
DISCONNECT
/*C364*/SET SCHEMA PUBLIC
DISCONNECT
/*C365*/SET SCHEMA PUBLIC
DISCONNECT
/*C366*/SET SCHEMA PUBLIC
DISCONNECT
/*C367*/SET SCHEMA PUBLIC
DISCONNECT
/*C368*/SET SCHEMA PUBLIC
DISCONNECT
/*C369*/SET SCHEMA PUBLIC
DISCONNECT
/*C370*/SET SCHEMA PUBLIC
DISCONNECT
/*C371*/SET SCHEMA PUBLIC
DISCONNECT
/*C372*/SET SCHEMA PUBLIC
DISCONNECT
/*C373*/SET SCHEMA PUBLIC
DISCONNECT
/*C374*/SET SCHEMA PUBLIC
DISCONNECT
/*C375*/SET SCHEMA PUBLIC
DISCONNECT
/*C376*/SET SCHEMA PUBLIC
DISCONNECT
/*C377*/SET SCHEMA PUBLIC
DISCONNECT
/*C378*/SET SCHEMA PUBLIC
DISCONNECT
/*C379*/SET SCHEMA PUBLIC
DISCONNECT
/*C380*/SET SCHEMA PUBLIC
DISCONNECT
/*C381*/SET SCHEMA PUBLIC
DISCONNECT
/*C382*/SET SCHEMA PUBLIC
DISCONNECT
/*C383*/SET SCHEMA PUBLIC
DISCONNECT
/*C384*/SET SCHEMA PUBLIC
DISCONNECT
/*C385*/SET SCHEMA PUBLIC
DISCONNECT
/*C386*/SET SCHEMA PUBLIC
DISCONNECT
/*C387*/SET SCHEMA PUBLIC
DISCONNECT
/*C388*/SET SCHEMA PUBLIC
DISCONNECT
/*C389*/SET SCHEMA PUBLIC
DISCONNECT
/*C390*/SET SCHEMA PUBLIC
DISCONNECT
/*C391*/SET SCHEMA PUBLIC
DISCONNECT
/*C392*/SET SCHEMA PUBLIC
DISCONNECT
/*C393*/SET SCHEMA PUBLIC
DISCONNECT
/*C394*/SET SCHEMA PUBLIC
DISCONNECT
/*C395*/SET SCHEMA PUBLIC
DISCONNECT
/*C396*/SET SCHEMA PUBLIC
DISCONNECT
/*C397*/SET SCHEMA PUBLIC
DISCONNECT
/*C398*/SET SCHEMA PUBLIC
DISCONNECT
/*C399*/SET SCHEMA PUBLIC
DISCONNECT
/*C400*/SET SCHEMA PUBLIC
DISCONNECT
/*C401*/SET SCHEMA PUBLIC
DISCONNECT
/*C402*/SET SCHEMA PUBLIC
DISCONNECT
/*C403*/SET SCHEMA PUBLIC
DISCONNECT
/*C404*/SET SCHEMA PUBLIC
DISCONNECT
/*C405*/SET SCHEMA PUBLIC
DISCONNECT
/*C406*/SET SCHEMA PUBLIC
DISCONNECT
/*C407*/SET SCHEMA PUBLIC
DISCONNECT
/*C408*/SET SCHEMA PUBLIC
DISCONNECT
/*C409*/SET SCHEMA PUBLIC
DISCONNECT
/*C410*/SET SCHEMA PUBLIC
DISCONNECT
/*C411*/SET SCHEMA PUBLIC
DISCONNECT
/*C412*/SET SCHEMA PUBLIC
DISCONNECT
/*C413*/SET SCHEMA PUBLIC
DISCONNECT
/*C414*/SET SCHEMA PUBLIC
DISCONNECT
/*C415*/SET SCHEMA PUBLIC
DISCONNECT
/*C416*/SET SCHEMA PUBLIC
DISCONNECT
/*C417*/SET SCHEMA PUBLIC
DISCONNECT
/*C418*/SET SCHEMA PUBLIC
DISCONNECT
/*C419*/SET SCHEMA PUBLIC
DISCONNECT
/*C420*/SET SCHEMA PUBLIC
DISCONNECT
/*C421*/SET SCHEMA PUBLIC
DISCONNECT
/*C422*/SET SCHEMA PUBLIC
DISCONNECT
/*C423*/SET SCHEMA PUBLIC
DISCONNECT
/*C424*/SET SCHEMA PUBLIC
DISCONNECT
/*C425*/SET SCHEMA PUBLIC
DISCONNECT
/*C426*/SET SCHEMA PUBLIC
DISCONNECT
/*C427*/SET SCHEMA PUBLIC
DISCONNECT
/*C428*/SET SCHEMA PUBLIC
DISCONNECT
/*C429*/SET SCHEMA PUBLIC
DISCONNECT
/*C430*/SET SCHEMA PUBLIC
DISCONNECT
/*C431*/SET SCHEMA PUBLIC
DISCONNECT
/*C432*/SET SCHEMA PUBLIC
DISCONNECT
/*C433*/SET SCHEMA PUBLIC
DISCONNECT
/*C434*/SET SCHEMA PUBLIC
DISCONNECT
/*C435*/SET SCHEMA PUBLIC
DISCONNECT
/*C436*/SET SCHEMA PUBLIC
DISCONNECT
/*C437*/SET SCHEMA PUBLIC
DISCONNECT
/*C438*/SET SCHEMA PUBLIC
DISCONNECT
/*C439*/SET SCHEMA PUBLIC
DISCONNECT
/*C440*/SET SCHEMA PUBLIC
DISCONNECT
/*C441*/SET SCHEMA PUBLIC
DISCONNECT
/*C442*/SET SCHEMA PUBLIC
DISCONNECT
/*C443*/SET SCHEMA PUBLIC
DISCONNECT
/*C444*/SET SCHEMA PUBLIC
DISCONNECT
/*C445*/SET SCHEMA PUBLIC
DISCONNECT
/*C446*/SET SCHEMA PUBLIC
DISCONNECT
/*C447*/SET SCHEMA PUBLIC
DISCONNECT
/*C448*/SET SCHEMA PUBLIC
DISCONNECT
/*C449*/SET SCHEMA PUBLIC
DISCONNECT
/*C450*/SET SCHEMA PUBLIC
DISCONNECT
/*C451*/SET SCHEMA PUBLIC
DISCONNECT
/*C452*/SET SCHEMA PUBLIC
DISCONNECT
/*C453*/SET SCHEMA PUBLIC
DISCONNECT
/*C454*/SET SCHEMA PUBLIC
DISCONNECT
/*C455*/SET SCHEMA PUBLIC
DISCONNECT
/*C456*/SET SCHEMA PUBLIC
DISCONNECT
/*C457*/SET SCHEMA PUBLIC
DISCONNECT
/*C458*/SET SCHEMA PUBLIC
DISCONNECT
/*C459*/SET SCHEMA PUBLIC
DISCONNECT
/*C460*/SET SCHEMA PUBLIC
DISCONNECT
/*C461*/SET SCHEMA PUBLIC
DISCONNECT
/*C462*/SET SCHEMA PUBLIC
DISCONNECT
/*C463*/SET SCHEMA PUBLIC
DISCONNECT
/*C464*/SET SCHEMA PUBLIC
DISCONNECT
/*C465*/SET SCHEMA PUBLIC
DISCONNECT
/*C466*/SET SCHEMA PUBLIC
DISCONNECT
/*C467*/SET SCHEMA PUBLIC
DISCONNECT
/*C468*/SET SCHEMA PUBLIC
DISCONNECT
/*C469*/SET SCHEMA PUBLIC
DISCONNECT
/*C470*/SET SCHEMA PUBLIC
DISCONNECT
/*C471*/SET SCHEMA PUBLIC
DISCONNECT
/*C472*/SET SCHEMA PUBLIC
DISCONNECT
/*C473*/SET SCHEMA PUBLIC
DISCONNECT
/*C474*/SET SCHEMA PUBLIC
DISCONNECT
/*C475*/SET SCHEMA PUBLIC
DISCONNECT
/*C476*/SET SCHEMA PUBLIC
DISCONNECT
/*C477*/SET SCHEMA PUBLIC
DISCONNECT
/*C478*/SET SCHEMA PUBLIC
DISCONNECT
/*C479*/SET SCHEMA PUBLIC
DISCONNECT
/*C480*/SET SCHEMA PUBLIC
DISCONNECT
/*C481*/SET SCHEMA PUBLIC
DISCONNECT
/*C482*/SET SCHEMA PUBLIC
DISCONNECT
/*C483*/SET SCHEMA PUBLIC
DISCONNECT
/*C484*/SET SCHEMA PUBLIC
DISCONNECT
/*C485*/SET SCHEMA PUBLIC
DISCONNECT
/*C486*/SET SCHEMA PUBLIC
DISCONNECT
/*C487*/SET SCHEMA PUBLIC
DISCONNECT
/*C488*/SET SCHEMA PUBLIC
DISCONNECT
/*C489*/SET SCHEMA PUBLIC
DISCONNECT
/*C490*/SET SCHEMA PUBLIC
DISCONNECT
/*C491*/SET SCHEMA PUBLIC
DISCONNECT
/*C492*/SET SCHEMA PUBLIC
DISCONNECT
/*C493*/SET SCHEMA PUBLIC
DISCONNECT
/*C494*/SET SCHEMA PUBLIC
DISCONNECT
/*C495*/SET SCHEMA PUBLIC
DISCONNECT
/*C496*/SET SCHEMA PUBLIC
DISCONNECT
/*C497*/SET SCHEMA PUBLIC
DISCONNECT
/*C498*/SET SCHEMA PUBLIC
DISCONNECT
/*C499*/SET SCHEMA PUBLIC
DISCONNECT
/*C500*/SET SCHEMA PUBLIC
DISCONNECT
/*C501*/SET SCHEMA PUBLIC
DISCONNECT
/*C502*/SET SCHEMA PUBLIC
DISCONNECT
/*C503*/SET SCHEMA PUBLIC
DISCONNECT
/*C504*/SET SCHEMA PUBLIC
DISCONNECT
/*C505*/SET SCHEMA PUBLIC
DISCONNECT
/*C506*/SET SCHEMA PUBLIC
DISCONNECT
/*C507*/SET SCHEMA PUBLIC
DISCONNECT
/*C508*/SET SCHEMA PUBLIC
DISCONNECT
/*C509*/SET SCHEMA PUBLIC
DISCONNECT
/*C510*/SET SCHEMA PUBLIC
DISCONNECT
/*C511*/SET SCHEMA PUBLIC
DISCONNECT
/*C512*/SET SCHEMA PUBLIC
DISCONNECT
/*C513*/SET SCHEMA PUBLIC
DISCONNECT
/*C514*/SET SCHEMA PUBLIC
DISCONNECT
/*C515*/SET SCHEMA PUBLIC
DISCONNECT
/*C516*/SET SCHEMA PUBLIC
DISCONNECT
/*C517*/SET SCHEMA PUBLIC
DISCONNECT
/*C518*/SET SCHEMA PUBLIC
DISCONNECT
/*C519*/SET SCHEMA PUBLIC
DISCONNECT
/*C520*/SET SCHEMA PUBLIC
DISCONNECT
/*C521*/SET SCHEMA PUBLIC
DISCONNECT
/*C522*/SET SCHEMA PUBLIC
DISCONNECT
/*C523*/SET SCHEMA PUBLIC
DISCONNECT
/*C524*/SET SCHEMA PUBLIC
DISCONNECT
/*C525*/SET SCHEMA PUBLIC
DISCONNECT
/*C526*/SET SCHEMA PUBLIC
DISCONNECT
/*C527*/SET SCHEMA PUBLIC
DISCONNECT
/*C528*/SET SCHEMA PUBLIC
DISCONNECT
/*C529*/SET SCHEMA PUBLIC
DISCONNECT
/*C530*/SET SCHEMA PUBLIC
DISCONNECT
/*C531*/SET SCHEMA PUBLIC
DISCONNECT
/*C532*/SET SCHEMA PUBLIC
DISCONNECT
/*C533*/SET SCHEMA PUBLIC
DISCONNECT
/*C534*/SET SCHEMA PUBLIC
DISCONNECT
/*C535*/SET SCHEMA PUBLIC
DISCONNECT
/*C536*/SET SCHEMA PUBLIC
DISCONNECT
/*C537*/SET SCHEMA PUBLIC
DISCONNECT
/*C538*/SET SCHEMA PUBLIC
DISCONNECT
/*C539*/SET SCHEMA PUBLIC
DISCONNECT
/*C540*/SET SCHEMA PUBLIC
DISCONNECT
/*C541*/SET SCHEMA PUBLIC
DISCONNECT
/*C542*/SET SCHEMA PUBLIC
DISCONNECT
/*C543*/SET SCHEMA PUBLIC
DISCONNECT
/*C544*/SET SCHEMA PUBLIC
DISCONNECT
/*C545*/SET SCHEMA PUBLIC
DISCONNECT
/*C546*/SET SCHEMA PUBLIC
DISCONNECT
/*C547*/SET SCHEMA PUBLIC
DISCONNECT
/*C548*/SET SCHEMA PUBLIC
DISCONNECT
/*C549*/SET SCHEMA PUBLIC
DISCONNECT
/*C550*/SET SCHEMA PUBLIC
DISCONNECT
/*C551*/SET SCHEMA PUBLIC
DISCONNECT
/*C552*/SET SCHEMA PUBLIC
DISCONNECT
/*C553*/SET SCHEMA PUBLIC
DISCONNECT
/*C554*/SET SCHEMA PUBLIC
DISCONNECT
/*C555*/SET SCHEMA PUBLIC
DISCONNECT
/*C556*/SET SCHEMA PUBLIC
DISCONNECT
/*C557*/SET SCHEMA PUBLIC
DISCONNECT
/*C558*/SET SCHEMA PUBLIC
DISCONNECT
/*C559*/SET SCHEMA PUBLIC
DISCONNECT
/*C560*/SET SCHEMA PUBLIC
DISCONNECT
/*C561*/SET SCHEMA PUBLIC
DISCONNECT
/*C562*/SET SCHEMA PUBLIC
DISCONNECT
/*C563*/SET SCHEMA PUBLIC
DISCONNECT
/*C564*/SET SCHEMA PUBLIC
DISCONNECT
/*C565*/SET SCHEMA PUBLIC
DISCONNECT
/*C566*/SET SCHEMA PUBLIC
DISCONNECT
/*C567*/SET SCHEMA PUBLIC
DISCONNECT
/*C568*/SET SCHEMA PUBLIC
DISCONNECT
/*C569*/SET SCHEMA PUBLIC
DISCONNECT
/*C570*/SET SCHEMA PUBLIC
DISCONNECT
/*C571*/SET SCHEMA PUBLIC
DISCONNECT
/*C572*/SET SCHEMA PUBLIC
DISCONNECT
/*C573*/SET SCHEMA PUBLIC
DISCONNECT
/*C574*/SET SCHEMA PUBLIC
DISCONNECT
/*C575*/SET SCHEMA PUBLIC
DISCONNECT
/*C576*/SET SCHEMA PUBLIC
DISCONNECT
/*C577*/SET SCHEMA PUBLIC
DISCONNECT
/*C578*/SET SCHEMA PUBLIC
DISCONNECT
/*C579*/SET SCHEMA PUBLIC
DELETE FROM PISOS WHERE ID=2
COMMIT
DISCONNECT
/*C580*/SET SCHEMA PUBLIC
DISCONNECT
/*C581*/SET SCHEMA PUBLIC
DISCONNECT
/*C582*/SET SCHEMA PUBLIC
DELETE FROM PISOS WHERE ID=3
COMMIT
DISCONNECT
/*C583*/SET SCHEMA PUBLIC
DISCONNECT
/*C584*/SET SCHEMA PUBLIC
DISCONNECT
/*C585*/SET SCHEMA PUBLIC
DISCONNECT
/*C586*/SET SCHEMA PUBLIC
DISCONNECT
/*C587*/SET SCHEMA PUBLIC
DISCONNECT
/*C588*/SET SCHEMA PUBLIC
DISCONNECT
/*C589*/SET SCHEMA PUBLIC
DISCONNECT
/*C590*/SET SCHEMA PUBLIC
DISCONNECT
/*C591*/SET SCHEMA PUBLIC
DISCONNECT
/*C592*/SET SCHEMA PUBLIC
DISCONNECT
/*C593*/SET SCHEMA PUBLIC
DISCONNECT
/*C594*/SET SCHEMA PUBLIC
DISCONNECT
/*C595*/SET SCHEMA PUBLIC
DISCONNECT
/*C596*/SET SCHEMA PUBLIC
DISCONNECT
/*C597*/SET SCHEMA PUBLIC
DISCONNECT
/*C598*/SET SCHEMA PUBLIC
DISCONNECT
/*C599*/SET SCHEMA PUBLIC
DISCONNECT
/*C600*/SET SCHEMA PUBLIC
DISCONNECT
/*C601*/SET SCHEMA PUBLIC
DELETE FROM PISOS WHERE ID=4
COMMIT
DISCONNECT
/*C602*/SET SCHEMA PUBLIC
DELETE FROM PISOS WHERE ID=282
COMMIT
DISCONNECT
/*C603*/SET SCHEMA PUBLIC
DELETE FROM PISOS WHERE ID=283
COMMIT
DISCONNECT
/*C604*/SET SCHEMA PUBLIC
DELETE FROM PISOS WHERE ID=284
COMMIT
DISCONNECT
/*C605*/SET SCHEMA PUBLIC
DISCONNECT
/*C606*/SET SCHEMA PUBLIC
DISCONNECT
/*C607*/SET SCHEMA PUBLIC
DELETE FROM PISOS WHERE ID=285
COMMIT
DISCONNECT
/*C608*/SET SCHEMA PUBLIC
DISCONNECT
/*C609*/SET SCHEMA PUBLIC
DISCONNECT
/*C610*/SET SCHEMA PUBLIC
DISCONNECT
/*C611*/SET SCHEMA PUBLIC
DISCONNECT
/*C612*/SET SCHEMA PUBLIC
DISCONNECT
/*C613*/SET SCHEMA PUBLIC
DISCONNECT
/*C614*/SET SCHEMA PUBLIC
DISCONNECT
/*C615*/SET SCHEMA PUBLIC
DELETE FROM PISOS WHERE ID=286
COMMIT
DISCONNECT
/*C616*/SET SCHEMA PUBLIC
DISCONNECT
/*C617*/SET SCHEMA PUBLIC
DISCONNECT
/*C618*/SET SCHEMA PUBLIC
DELETE FROM PISOS WHERE ID=287
COMMIT
DISCONNECT
/*C619*/SET SCHEMA PUBLIC
DISCONNECT
/*C620*/SET SCHEMA PUBLIC
DISCONNECT
/*C621*/SET SCHEMA PUBLIC
DELETE FROM PISOS WHERE ID=288
COMMIT
DISCONNECT
/*C622*/SET SCHEMA PUBLIC
DELETE FROM PISOS WHERE ID=289
COMMIT
DISCONNECT
/*C623*/SET SCHEMA PUBLIC
DELETE FROM PISOS WHERE ID=290
COMMIT
DISCONNECT
/*C624*/SET SCHEMA PUBLIC
DISCONNECT
/*C625*/SET SCHEMA PUBLIC
DISCONNECT
/*C626*/SET SCHEMA PUBLIC
DISCONNECT
/*C627*/SET SCHEMA PUBLIC
DISCONNECT
/*C628*/SET SCHEMA PUBLIC
DISCONNECT
/*C629*/SET SCHEMA PUBLIC
DISCONNECT
/*C630*/SET SCHEMA PUBLIC
DISCONNECT
/*C631*/SET SCHEMA PUBLIC
DISCONNECT
/*C632*/SET SCHEMA PUBLIC
DISCONNECT
/*C633*/SET SCHEMA PUBLIC
DISCONNECT
/*C634*/SET SCHEMA PUBLIC
DISCONNECT
/*C635*/SET SCHEMA PUBLIC
DISCONNECT
/*C636*/SET SCHEMA PUBLIC
DISCONNECT
/*C637*/SET SCHEMA PUBLIC
DISCONNECT
/*C638*/SET SCHEMA PUBLIC
DISCONNECT
/*C639*/SET SCHEMA PUBLIC
DISCONNECT
/*C640*/SET SCHEMA PUBLIC
DISCONNECT
/*C641*/SET SCHEMA PUBLIC
DISCONNECT
/*C642*/SET SCHEMA PUBLIC
DISCONNECT
/*C643*/SET SCHEMA PUBLIC
DISCONNECT
/*C644*/SET SCHEMA PUBLIC
DISCONNECT
/*C645*/SET SCHEMA PUBLIC
DISCONNECT
/*C646*/SET SCHEMA PUBLIC
DISCONNECT
/*C647*/SET SCHEMA PUBLIC
DISCONNECT
/*C648*/SET SCHEMA PUBLIC
DISCONNECT
/*C649*/SET SCHEMA PUBLIC
DISCONNECT
/*C650*/SET SCHEMA PUBLIC
DISCONNECT
/*C651*/SET SCHEMA PUBLIC
DISCONNECT
/*C652*/SET SCHEMA PUBLIC
DISCONNECT
/*C653*/SET SCHEMA PUBLIC
DISCONNECT
/*C654*/SET SCHEMA PUBLIC
DISCONNECT
/*C655*/SET SCHEMA PUBLIC
DISCONNECT
/*C656*/SET SCHEMA PUBLIC
DISCONNECT
/*C657*/SET SCHEMA PUBLIC
DISCONNECT
/*C658*/SET SCHEMA PUBLIC
DISCONNECT
/*C659*/SET SCHEMA PUBLIC
DELETE FROM PISOS WHERE ID=305
COMMIT
DISCONNECT
/*C660*/SET SCHEMA PUBLIC
DELETE FROM PISOS WHERE ID=297
COMMIT
DISCONNECT
/*C661*/SET SCHEMA PUBLIC
DISCONNECT
/*C662*/SET SCHEMA PUBLIC
DISCONNECT
/*C663*/SET SCHEMA PUBLIC
DELETE FROM PISOS WHERE ID=291
COMMIT
DISCONNECT
/*C664*/SET SCHEMA PUBLIC
DELETE FROM PISOS WHERE ID=292
COMMIT
DISCONNECT
/*C665*/SET SCHEMA PUBLIC
DISCONNECT
/*C666*/SET SCHEMA PUBLIC
DISCONNECT
/*C667*/SET SCHEMA PUBLIC
DELETE FROM PISOS WHERE ID=293
COMMIT
DISCONNECT
/*C668*/SET SCHEMA PUBLIC
DISCONNECT
/*C669*/SET SCHEMA PUBLIC
DISCONNECT
/*C670*/SET SCHEMA PUBLIC
DISCONNECT
/*C671*/SET SCHEMA PUBLIC
DISCONNECT
/*C672*/SET SCHEMA PUBLIC
DISCONNECT
/*C673*/SET SCHEMA PUBLIC
DISCONNECT
/*C674*/SET SCHEMA PUBLIC
DISCONNECT
/*C675*/SET SCHEMA PUBLIC
DISCONNECT
/*C676*/SET SCHEMA PUBLIC
DISCONNECT
/*C677*/SET SCHEMA PUBLIC
DELETE FROM PISOS WHERE ID=294
DELETE FROM PISOS WHERE ID=295
DELETE FROM PISOS WHERE ID=296
DELETE FROM PISOS WHERE ID=298
DELETE FROM PISOS WHERE ID=299
DELETE FROM PISOS WHERE ID=300
DELETE FROM PISOS WHERE ID=301
DELETE FROM PISOS WHERE ID=302
DELETE FROM PISOS WHERE ID=303
DELETE FROM PISOS WHERE ID=304
DELETE FROM PISOS WHERE ID=306
DELETE FROM PISOS WHERE ID=307
DELETE FROM PISOS WHERE ID=308
DELETE FROM PISOS WHERE ID=309
DELETE FROM PISOS WHERE ID=310
DELETE FROM PISOS WHERE ID=311
DELETE FROM PISOS WHERE ID=312
DELETE FROM PISOS WHERE ID=313
DELETE FROM PISOS WHERE ID=314
COMMIT
DISCONNECT
/*C678*/SET SCHEMA PUBLIC
DELETE FROM AGENTES WHERE ID=3
DELETE FROM AGENTES WHERE ID=4
COMMIT
DISCONNECT
/*C679*/SET SCHEMA PUBLIC
INSERT INTO AGENTES VALUES(3,'agente1@micorreo.com','clave1')
COMMIT
DISCONNECT
/*C680*/SET SCHEMA PUBLIC
INSERT INTO AGENTES VALUES(4,'agente2@micorreo.com','clave2')
COMMIT
DISCONNECT
/*C681*/SET SCHEMA PUBLIC
INSERT INTO PISOS VALUES(1,3,235000.0E0,'CALLE PEDRO DUQUE','VALENCIA',2005,3,'casa1.jpg')
COMMIT
DISCONNECT
/*C682*/SET SCHEMA PUBLIC
INSERT INTO PISOS VALUES(2,3,150000.0E0,'PLAZA REPUBLICA','BARCELONA',2017,5,'casa2.jpg')
COMMIT
DISCONNECT
/*C683*/SET SCHEMA PUBLIC
INSERT INTO PISOS VALUES(3,4,500000.0E0,'AVENIDA DEL PRADO','MADRID',2010,5,'casa3.jpg')
COMMIT
DISCONNECT
/*C684*/SET SCHEMA PUBLIC
INSERT INTO PISOS VALUES(4,4,75000.0E0,'RUTA DE LA APARICION','SEVILLA',2001,2,'casa4.jpg')
COMMIT
DISCONNECT
/*C685*/SET SCHEMA PUBLIC
DISCONNECT
/*C686*/SET SCHEMA PUBLIC
DISCONNECT
/*C687*/SET SCHEMA PUBLIC
DISCONNECT
/*C688*/SET SCHEMA PUBLIC
DISCONNECT
/*C689*/SET SCHEMA PUBLIC
DISCONNECT
/*C690*/SET SCHEMA PUBLIC
DISCONNECT
/*C691*/SET SCHEMA PUBLIC
DISCONNECT
/*C692*/SET SCHEMA PUBLIC
DISCONNECT
/*C693*/SET SCHEMA PUBLIC
DISCONNECT
/*C694*/SET SCHEMA PUBLIC
DISCONNECT
/*C695*/SET SCHEMA PUBLIC
DISCONNECT
/*C696*/SET SCHEMA PUBLIC
DELETE FROM PISOS WHERE ID=1
INSERT INTO PISOS VALUES(1,3,291611.0E0,'Plaza Gabino Diaz Merchan, 1','Oviedo',1998,3,'/album/foto1.jpg')
COMMIT
DISCONNECT
/*C697*/SET SCHEMA PUBLIC
DISCONNECT
/*C698*/SET SCHEMA PUBLIC
DELETE FROM PISOS WHERE ID=2
INSERT INTO PISOS VALUES(2,3,84270.0E0,'avenida de La Tenderina, 7','Oviedo',1982,2,'/album/foto2.jpg')
COMMIT
DISCONNECT
/*C699*/SET SCHEMA PUBLIC
DISCONNECT
/*C700*/SET SCHEMA PUBLIC
DELETE FROM PISOS WHERE ID=3
INSERT INTO PISOS VALUES(3,3,274185.0E0,'Plaza Primo Rivera, 3','Oviedo',1972,2,'/album/foto3.jpg')
COMMIT
DISCONNECT
/*C701*/SET SCHEMA PUBLIC
DISCONNECT
/*C702*/SET SCHEMA PUBLIC
DELETE FROM PISOS WHERE ID=4
INSERT INTO PISOS VALUES(4,3,106227.0E0,'Santa Susana, 2','Oviedo',1954,4,'/album/foto4.jpg')
COMMIT
DISCONNECT
/*C703*/SET SCHEMA PUBLIC
DISCONNECT
/*C704*/SET SCHEMA PUBLIC
INSERT INTO PISOS VALUES(315,3,53601.0E0,'San Pedro Mestallon, 3','Oviedo',1992,5,'/album/foto5.jpg')
COMMIT
DISCONNECT
/*C705*/SET SCHEMA PUBLIC
DISCONNECT
/*C706*/SET SCHEMA PUBLIC
INSERT INTO PISOS VALUES(316,3,487812.0E0,'Carretera de La Costa, 110','Gijon',2010,5,'/album/foto6.jpg')
COMMIT
DISCONNECT
/*C707*/SET SCHEMA PUBLIC
DISCONNECT
/*C708*/SET SCHEMA PUBLIC
INSERT INTO PISOS VALUES(317,3,261888.0E0,'avenida Schultz, 95','Gijon',1978,4,'/album/foto7.jpg')
COMMIT
DISCONNECT
/*C709*/SET SCHEMA PUBLIC
DISCONNECT
/*C710*/SET SCHEMA PUBLIC
INSERT INTO PISOS VALUES(318,3,327489.0E0,'avenida del Llano, 30','Gijon',1999,3,'/album/foto8.jpg')
COMMIT
DISCONNECT
/*C711*/SET SCHEMA PUBLIC
DISCONNECT
/*C712*/SET SCHEMA PUBLIC
INSERT INTO PISOS VALUES(319,3,67689.0E0,'Plaza del Carmen, 2','Gijon',2005,3,'/album/foto9.jpg')
COMMIT
DISCONNECT
/*C713*/SET SCHEMA PUBLIC
DISCONNECT
/*C714*/SET SCHEMA PUBLIC
INSERT INTO PISOS VALUES(320,3,352115.0E0,'Corrida, 5','Gijon',1977,2,'/album/foto10.jpg')
COMMIT
DISCONNECT
/*C715*/SET SCHEMA PUBLIC
DISCONNECT
/*C716*/SET SCHEMA PUBLIC
INSERT INTO PISOS VALUES(321,3,372214.0E0,'Corrida, 5 Entreplanta','Gijon',1954,2,'/album/foto11.jpg')
COMMIT
DISCONNECT
/*C717*/SET SCHEMA PUBLIC
DISCONNECT
/*C718*/SET SCHEMA PUBLIC
INSERT INTO PISOS VALUES(322,3,390715.0E0,'Plaza del Carmen, 2','Gijon',2006,3,'/album/foto12.jpg')
COMMIT
DISCONNECT
/*C719*/SET SCHEMA PUBLIC
DISCONNECT
/*C720*/SET SCHEMA PUBLIC
INSERT INTO PISOS VALUES(323,3,263032.0E0,'Uria, 34','Gijon',1983,5,'/album/foto13.jpg')
COMMIT
DISCONNECT
/*C721*/SET SCHEMA PUBLIC
DISCONNECT
/*C722*/SET SCHEMA PUBLIC
INSERT INTO PISOS VALUES(324,3,449565.0E0,'avenida constitucion, 64','Gijon',1959,3,'/album/foto14.jpg')
COMMIT
DISCONNECT
/*C723*/SET SCHEMA PUBLIC
DISCONNECT
/*C724*/SET SCHEMA PUBLIC
INSERT INTO PISOS VALUES(325,3,67452.0E0,'Camara, 33','aviles',1976,1,'/album/foto15.jpg')
COMMIT
DISCONNECT
/*C725*/SET SCHEMA PUBLIC
DISCONNECT
/*C726*/SET SCHEMA PUBLIC
INSERT INTO PISOS VALUES(326,3,448391.0E0,'Francisco Legorburu, 6','aviles',2016,1,'/album/foto16.jpg')
COMMIT
DISCONNECT
/*C727*/SET SCHEMA PUBLIC
DISCONNECT
/*C728*/SET SCHEMA PUBLIC
INSERT INTO PISOS VALUES(327,3,253116.0E0,'Leon Y Escosura, 3','Oviedo',1972,1,'/album/foto17.jpg')
COMMIT
DISCONNECT
/*C729*/SET SCHEMA PUBLIC
DISCONNECT
/*C730*/SET SCHEMA PUBLIC
INSERT INTO PISOS VALUES(328,3,54482.0E0,'Plaza de Cuatro Ca\u00f1os, 8 Bajo','Oviedo',1952,4,'/album/foto18.jpg')
COMMIT
DISCONNECT
/*C731*/SET SCHEMA PUBLIC
DISCONNECT
/*C732*/SET SCHEMA PUBLIC
INSERT INTO PISOS VALUES(329,3,184286.0E0,'Mendizabal, 1','Oviedo',1991,1,'/album/foto19.jpg')
COMMIT
DISCONNECT
/*C733*/SET SCHEMA PUBLIC
DISCONNECT
/*C734*/SET SCHEMA PUBLIC
INSERT INTO PISOS VALUES(330,3,489822.0E0,'Bermudez de Castro, 6','Oviedo',1974,5,'/album/foto20.jpg')
COMMIT
DISCONNECT
/*C735*/SET SCHEMA PUBLIC
DISCONNECT
/*C736*/SET SCHEMA PUBLIC
INSERT INTO PISOS VALUES(331,3,444621.0E0,'Mendizabal, 1','Oviedo',1982,5,'/album/foto21.jpg')
COMMIT
DISCONNECT
/*C737*/SET SCHEMA PUBLIC
DISCONNECT
/*C738*/SET SCHEMA PUBLIC
INSERT INTO PISOS VALUES(332,3,404299.0E0,'Reyes Catolicos, 5','Oviedo',1971,2,'/album/foto22.jpg')
COMMIT
DISCONNECT
/*C739*/SET SCHEMA PUBLIC
DISCONNECT
/*C740*/SET SCHEMA PUBLIC
INSERT INTO PISOS VALUES(333,3,378058.0E0,'Covadonga, 6','Oviedo',1987,3,'/album/foto23.jpg')
COMMIT
DISCONNECT
/*C741*/SET SCHEMA PUBLIC
DISCONNECT
/*C742*/SET SCHEMA PUBLIC
INSERT INTO PISOS VALUES(334,3,209452.0E0,'avenida Santander, 12','Oviedo',1962,5,'/album/foto24.jpg')
COMMIT
DISCONNECT
/*C743*/SET SCHEMA PUBLIC
DISCONNECT
/*C744*/SET SCHEMA PUBLIC
INSERT INTO PISOS VALUES(335,3,351752.0E0,'Marques de Pidal, 9','Oviedo',1969,4,'/album/foto25.jpg')
COMMIT
DISCONNECT
/*C745*/SET SCHEMA PUBLIC
DISCONNECT
/*C746*/SET SCHEMA PUBLIC
INSERT INTO PISOS VALUES(336,3,446278.0E0,'avenida Galicia, 5','Oviedo',1974,3,'/album/foto26.jpg')
COMMIT
DISCONNECT
/*C747*/SET SCHEMA PUBLIC
DISCONNECT
/*C748*/SET SCHEMA PUBLIC
INSERT INTO PISOS VALUES(337,3,260795.0E0,'Plaza 6 de agosto, 6','Gijon',1981,2,'/album/foto27.jpg')
COMMIT
DISCONNECT
/*C749*/SET SCHEMA PUBLIC
DISCONNECT
/*C750*/SET SCHEMA PUBLIC
INSERT INTO PISOS VALUES(338,3,492852.0E0,'avenida argentina, 72','Gijon',2011,2,'/album/foto28.jpg')
COMMIT
DISCONNECT
/*C751*/SET SCHEMA PUBLIC
DISCONNECT
/*C752*/SET SCHEMA PUBLIC
INSERT INTO PISOS VALUES(339,3,217095.0E0,'avenida Castilla, 6','Gijon',1980,4,'/album/foto29.jpg')
COMMIT
DISCONNECT
/*C753*/SET SCHEMA PUBLIC
DISCONNECT
/*C754*/SET SCHEMA PUBLIC
INSERT INTO PISOS VALUES(340,3,83368.0E0,'San Bernardo, 45','Gijon',1977,4,'/album/foto30.jpg')
COMMIT
DISCONNECT
/*C755*/SET SCHEMA PUBLIC
DISCONNECT
/*C756*/SET SCHEMA PUBLIC
INSERT INTO PISOS VALUES(341,3,213751.0E0,'ana Maria, 1','Gijon',2002,3,'/album/foto31.jpg')
COMMIT
DISCONNECT
/*C757*/SET SCHEMA PUBLIC
DISCONNECT
/*C758*/SET SCHEMA PUBLIC
INSERT INTO PISOS VALUES(342,3,474625.0E0,'avenida Pablo Iglesias, 51','Gijon',1966,4,'/album/foto32.jpg')
COMMIT
DISCONNECT
/*C759*/SET SCHEMA PUBLIC
DISCONNECT
/*C760*/SET SCHEMA PUBLIC
INSERT INTO PISOS VALUES(343,3,289902.0E0,'aguado, 31','Gijon',1958,2,'/album/foto33.jpg')
COMMIT
DISCONNECT
/*C761*/SET SCHEMA PUBLIC
DISCONNECT
/*C762*/SET SCHEMA PUBLIC
INSERT INTO PISOS VALUES(344,3,471800.0E0,'aragon, 25','Gijon',2001,4,'/album/foto34.jpg')
COMMIT
DISCONNECT
/*C763*/SET SCHEMA PUBLIC
DISCONNECT
/*C764*/SET SCHEMA PUBLIC
INSERT INTO PISOS VALUES(345,3,404982.0E0,'Infiesto, 2 Esq.magnus Blikstad','Gijon',2013,4,'/album/foto35.jpg')
COMMIT
DISCONNECT
/*C765*/SET SCHEMA PUBLIC
DISCONNECT
/*C766*/SET SCHEMA PUBLIC
INSERT INTO PISOS VALUES(346,3,144770.0E0,'avenida de Galicia, 83','Gijon',1968,3,'/album/foto36.jpg')
COMMIT
DISCONNECT
/*C767*/SET SCHEMA PUBLIC
DISCONNECT
/*C768*/SET SCHEMA PUBLIC
INSERT INTO PISOS VALUES(347,3,422136.0E0,'alava, 11','Gijon',1956,3,'/album/foto37.jpg')
COMMIT
DISCONNECT
/*C769*/SET SCHEMA PUBLIC
DISCONNECT
/*C770*/SET SCHEMA PUBLIC
DISCONNECT
/*C771*/SET SCHEMA PUBLIC
DISCONNECT
/*C772*/SET SCHEMA PUBLIC
DISCONNECT
/*C773*/SET SCHEMA PUBLIC
DISCONNECT
/*C774*/SET SCHEMA PUBLIC
DISCONNECT
/*C775*/SET SCHEMA PUBLIC
DISCONNECT
/*C776*/SET SCHEMA PUBLIC
DISCONNECT
/*C777*/SET SCHEMA PUBLIC
DISCONNECT
/*C778*/SET SCHEMA PUBLIC
DISCONNECT
/*C779*/SET SCHEMA PUBLIC
DISCONNECT
/*C780*/SET SCHEMA PUBLIC
DISCONNECT
/*C781*/SET SCHEMA PUBLIC
DISCONNECT
/*C782*/SET SCHEMA PUBLIC
DISCONNECT
/*C783*/SET SCHEMA PUBLIC
DISCONNECT
/*C784*/SET SCHEMA PUBLIC
DISCONNECT
/*C785*/SET SCHEMA PUBLIC
DISCONNECT
/*C786*/SET SCHEMA PUBLIC
DISCONNECT
/*C787*/SET SCHEMA PUBLIC
DISCONNECT
/*C788*/SET SCHEMA PUBLIC
DISCONNECT
/*C789*/SET SCHEMA PUBLIC
DISCONNECT
/*C790*/SET SCHEMA PUBLIC
DISCONNECT
/*C791*/SET SCHEMA PUBLIC
DISCONNECT
/*C792*/SET SCHEMA PUBLIC
DISCONNECT
/*C793*/SET SCHEMA PUBLIC
DISCONNECT
/*C794*/SET SCHEMA PUBLIC
DISCONNECT
/*C795*/SET SCHEMA PUBLIC
DISCONNECT
/*C796*/SET SCHEMA PUBLIC
DISCONNECT
/*C797*/SET SCHEMA PUBLIC
DISCONNECT
/*C798*/SET SCHEMA PUBLIC
DISCONNECT
/*C799*/SET SCHEMA PUBLIC
DISCONNECT
/*C800*/SET SCHEMA PUBLIC
DISCONNECT
/*C801*/SET SCHEMA PUBLIC
DISCONNECT
/*C802*/SET SCHEMA PUBLIC
DISCONNECT
/*C803*/SET SCHEMA PUBLIC
DISCONNECT
/*C804*/SET SCHEMA PUBLIC
DISCONNECT
/*C805*/SET SCHEMA PUBLIC
DISCONNECT
/*C806*/SET SCHEMA PUBLIC
DISCONNECT
/*C807*/SET SCHEMA PUBLIC
DISCONNECT
/*C808*/SET SCHEMA PUBLIC
DISCONNECT
/*C809*/SET SCHEMA PUBLIC
DISCONNECT
/*C810*/SET SCHEMA PUBLIC
DISCONNECT
/*C811*/SET SCHEMA PUBLIC
DISCONNECT
/*C812*/SET SCHEMA PUBLIC
DISCONNECT
/*C813*/SET SCHEMA PUBLIC
DISCONNECT
/*C814*/SET SCHEMA PUBLIC
DISCONNECT
/*C815*/SET SCHEMA PUBLIC
DISCONNECT
/*C816*/SET SCHEMA PUBLIC
DISCONNECT
/*C817*/SET SCHEMA PUBLIC
DISCONNECT
/*C818*/SET SCHEMA PUBLIC
DISCONNECT
/*C819*/SET SCHEMA PUBLIC
DISCONNECT
/*C820*/SET SCHEMA PUBLIC
DISCONNECT
/*C821*/SET SCHEMA PUBLIC
DISCONNECT
/*C822*/SET SCHEMA PUBLIC
DISCONNECT
/*C823*/SET SCHEMA PUBLIC
DISCONNECT
/*C824*/SET SCHEMA PUBLIC
DISCONNECT
/*C825*/SET SCHEMA PUBLIC
DISCONNECT
/*C826*/SET SCHEMA PUBLIC
DISCONNECT
/*C827*/SET SCHEMA PUBLIC
DELETE FROM PISOS WHERE ID=1
COMMIT
DISCONNECT
/*C828*/SET SCHEMA PUBLIC
DELETE FROM PISOS WHERE ID=2
COMMIT
DISCONNECT
/*C829*/SET SCHEMA PUBLIC
DELETE FROM PISOS WHERE ID=3
COMMIT
DISCONNECT
/*C830*/SET SCHEMA PUBLIC
DISCONNECT
/*C831*/SET SCHEMA PUBLIC
DISCONNECT
/*C832*/SET SCHEMA PUBLIC
DELETE FROM PISOS WHERE ID=4
COMMIT
DISCONNECT
/*C833*/SET SCHEMA PUBLIC
DISCONNECT
/*C834*/SET SCHEMA PUBLIC
DISCONNECT
/*C835*/SET SCHEMA PUBLIC
DELETE FROM PISOS WHERE ID=315
COMMIT
DISCONNECT
/*C836*/SET SCHEMA PUBLIC
DISCONNECT
/*C837*/SET SCHEMA PUBLIC
DISCONNECT
/*C838*/SET SCHEMA PUBLIC
DISCONNECT
/*C839*/SET SCHEMA PUBLIC
DISCONNECT
/*C840*/SET SCHEMA PUBLIC
INSERT INTO PISOS VALUES(348,3,696969.0E0,'C\u00aa MISCOENRAMA','MIPU',420,3,'casa2.png')
COMMIT
DISCONNECT
/*C841*/SET SCHEMA PUBLIC
DISCONNECT
/*C842*/SET SCHEMA PUBLIC
DISCONNECT
/*C843*/SET SCHEMA PUBLIC
DISCONNECT
/*C844*/SET SCHEMA PUBLIC
DELETE FROM PISOS WHERE ID=348
INSERT INTO PISOS VALUES(348,3,6.9696969E7,'C\u00aa MISCOENRAMA2','TAMADRE',69420,1,'casatusmuertos.png')
COMMIT
DISCONNECT
/*C845*/SET SCHEMA PUBLIC
DISCONNECT
/*C846*/SET SCHEMA PUBLIC
DISCONNECT
/*C847*/SET SCHEMA PUBLIC
DISCONNECT
/*C848*/SET SCHEMA PUBLIC
DISCONNECT
/*C849*/SET SCHEMA PUBLIC
DISCONNECT
/*C850*/SET SCHEMA PUBLIC
DISCONNECT
/*C851*/SET SCHEMA PUBLIC
DISCONNECT
